# JRE version: OpenJDK Runtime Environment (21.0.1+12) (build 21.0.1+12-29)
# Java VM: OpenJDK 64-Bit Server VM (21.0.1+12-29, mixed mode, sharing, tiered, compressed oops, compressed class ptrs, g1 gc, windows-amd64)
GC Precious Log:
 CardTable entry size: 512
 Card Set container configuration: InlinePtr #cards 5 size 8 Array Of Cards #cards 12 size 40 Howl #buckets 4 coarsen threshold 1843 Howl Bitmap #cards 512 size 80 coarsen threshold 460 Card regions per heap region 1 cards per card region 2048
 CPUs: 12 total, 12 available
 Memory: 7549M
 Large Page Support: Disabled
 NUMA Support: Disabled
 Compressed Oops: Enabled (32-bit)
 Heap Region Size: 1M
 Heap Min Capacity: 256M
 Heap Initial Capacity: 256M
 Heap Max Capacity: 512M
 Pre-touch: Disabled
 Parallel Workers: 10
 Concurrent Workers: 3
 Concurrent Refinement Workers: 10
 Periodic GC: Disabled
Heap:
 garbage-first heap   total 262144K, used 136741K [0x00000000e0000000, 0x0000000100000000)
  region size 1024K, 109 young (111616K), 9 survivors (9216K)
 Metaspace       used 47611K, committed 49280K, reserved 393216K
  class space    used 6834K, committed 7680K, reserved 327680K
GC Heap History (12 events):
Event: 2.350 GC heap before
{Heap before GC invocations=0 (full 0):
 garbage-first heap   total 262144K, used 26624K [0x00000000e0000000, 0x0000000100000000)
  region size 1024K, 23 young (23552K), 0 survivors (0K)
 Metaspace       used 3207K, committed 3392K, reserved 393216K
  class space    used 411K, committed 448K, reserved 327680K
}
Event: 2.360 GC heap after
{Heap after GC invocations=1 (full 0):
 garbage-first heap   total 262144K, used 10359K [0x00000000e0000000, 0x0000000100000000)
  region size 1024K, 3 young (3072K), 3 survivors (3072K)
 Metaspace       used 3207K, committed 3392K, reserved 393216K
  class space    used 411K, committed 448K, reserved 327680K
}
Event: 3.549 GC heap before
{Heap before GC invocations=1 (full 0):
 garbage-first heap   total 262144K, used 39031K [0x00000000e0000000, 0x0000000100000000)
  region size 1024K, 32 young (32768K), 3 survivors (3072K)
 Metaspace       used 4123K, committed 4352K, reserved 393216K
  class space    used 501K, committed 640K, reserved 327680K
}
Event: 3.553 GC heap after
{Heap after GC invocations=2 (full 0):
 garbage-first heap   total 262144K, used 11523K [0x00000000e0000000, 0x0000000100000000)
  region size 1024K, 1 young (1024K), 1 survivors (1024K)
 Metaspace       used 4123K, committed 4352K, reserved 393216K
  class space    used 501K, committed 640K, reserved 327680K
}
Event: 11.054 GC heap before
{Heap before GC invocations=2 (full 0):
 garbage-first heap   total 262144K, used 118019K [0x00000000e0000000, 0x0000000100000000)
  region size 1024K, 105 young (107520K), 1 survivors (1024K)
 Metaspace       used 20907K, committed 21504K, reserved 393216K
  class space    used 3049K, committed 3328K, reserved 327680K
}
Event: 11.115 GC heap after
{Heap after GC invocations=3 (full 0):
 garbage-first heap   total 262144K, used 23246K [0x00000000e0000000, 0x0000000100000000)
  region size 1024K, 13 young (13312K), 13 survivors (13312K)
 Metaspace       used 20907K, committed 21504K, reserved 393216K
  class space    used 3049K, committed 3328K, reserved 327680K
}
Event: 18.184 GC heap before
{Heap before GC invocations=4 (full 0):
 garbage-first heap   total 262144K, used 109262K [0x00000000e0000000, 0x0000000100000000)
  region size 1024K, 99 young (101376K), 13 survivors (13312K)
 Metaspace       used 34764K, committed 35968K, reserved 393216K
  class space    used 5006K, committed 5632K, reserved 327680K
}
Event: 18.201 GC heap after
{Heap after GC invocations=5 (full 0):
 garbage-first heap   total 262144K, used 30692K [0x00000000e0000000, 0x0000000100000000)
  region size 1024K, 8 young (8192K), 8 survivors (8192K)
 Metaspace       used 34764K, committed 35968K, reserved 393216K
  class space    used 5006K, committed 5632K, reserved 327680K
}
Event: 18.741 GC heap before
{Heap before GC invocations=5 (full 0):
 garbage-first heap   total 262144K, used 51172K [0x00000000e0000000, 0x0000000100000000)
  region size 1024K, 29 young (29696K), 8 survivors (8192K)
 Metaspace       used 35065K, committed 36288K, reserved 393216K
  class space    used 5043K, committed 5696K, reserved 327680K
}
Event: 18.754 GC heap after
{Heap after GC invocations=6 (full 0):
 garbage-first heap   total 262144K, used 31799K [0x00000000e0000000, 0x0000000100000000)
  region size 1024K, 8 young (8192K), 8 survivors (8192K)
 Metaspace       used 35065K, committed 36288K, reserved 393216K
  class space    used 5043K, committed 5696K, reserved 327680K
}
Event: 18.873 GC heap before
{Heap before GC invocations=6 (full 0):
 garbage-first heap   total 262144K, used 39991K [0x00000000e0000000, 0x0000000100000000)
  region size 1024K, 12 young (12288K), 8 survivors (8192K)
 Metaspace       used 35351K, committed 36608K, reserved 393216K
  class space    used 5057K, committed 5696K, reserved 327680K
}
Event: 18.886 GC heap after
{Heap after GC invocations=7 (full 0):
 garbage-first heap   total 262144K, used 34341K [0x00000000e0000000, 0x0000000100000000)
  region size 1024K, 9 young (9216K), 9 survivors (9216K)
 Metaspace       used 35351K, committed 36608K, reserved 393216K
  class space    used 5057K, committed 5696K, reserved 327680K
}

