# JRE version: OpenJDK Runtime Environment (21.0.1+12) (build 21.0.1+12-29)
# Java VM: OpenJDK 64-Bit Server VM (21.0.1+12-29, mixed mode, sharing, tiered, compressed oops, compressed class ptrs, g1 gc, windows-amd64)
GC Precious Log:
 CardTable entry size: 512
 Card Set container configuration: InlinePtr #cards 5 size 8 Array Of Cards #cards 12 size 40 Howl #buckets 4 coarsen threshold 1843 Howl Bitmap #cards 512 size 80 coarsen threshold 460 Card regions per heap region 1 cards per card region 2048
 CPUs: 12 total, 12 available
 Memory: 7549M
 Large Page Support: Disabled
 NUMA Support: Disabled
 Compressed Oops: Enabled (32-bit)
 Heap Region Size: 1M
 Heap Min Capacity: 256M
 Heap Initial Capacity: 256M
 Heap Max Capacity: 512M
 Pre-touch: Disabled
 Parallel Workers: 10
 Concurrent Workers: 3
 Concurrent Refinement Workers: 10
 Periodic GC: Disabled
Heap:
 garbage-first heap   total 262144K, used 108884K [0x00000000e0000000, 0x0000000100000000)
  region size 1024K, 82 young (83968K), 9 survivors (9216K)
 Metaspace       used 44958K, committed 46464K, reserved 393216K
  class space    used 6361K, committed 7104K, reserved 327680K
GC Heap History (12 events):
Event: 1.657 GC heap before
{Heap before GC invocations=0 (full 0):
 garbage-first heap   total 262144K, used 26624K [0x00000000e0000000, 0x0000000100000000)
  region size 1024K, 23 young (23552K), 0 survivors (0K)
 Metaspace       used 3215K, committed 3392K, reserved 393216K
  class space    used 411K, committed 448K, reserved 327680K
}
Event: 1.702 GC heap after
{Heap after GC invocations=1 (full 0):
 garbage-first heap   total 262144K, used 10240K [0x00000000e0000000, 0x0000000100000000)
  region size 1024K, 3 young (3072K), 3 survivors (3072K)
 Metaspace       used 3215K, committed 3392K, reserved 393216K
  class space    used 411K, committed 448K, reserved 327680K
}
Event: 4.344 GC heap before
{Heap before GC invocations=1 (full 0):
 garbage-first heap   total 262144K, used 38912K [0x00000000e0000000, 0x0000000100000000)
  region size 1024K, 32 young (32768K), 3 survivors (3072K)
 Metaspace       used 4124K, committed 4352K, reserved 393216K
  class space    used 502K, committed 640K, reserved 327680K
}
Event: 4.347 GC heap after
{Heap after GC invocations=2 (full 0):
 garbage-first heap   total 262144K, used 11694K [0x00000000e0000000, 0x0000000100000000)
  region size 1024K, 1 young (1024K), 1 survivors (1024K)
 Metaspace       used 4124K, committed 4352K, reserved 393216K
  class space    used 502K, committed 640K, reserved 327680K
}
Event: 19.500 GC heap before
{Heap before GC invocations=2 (full 0):
 garbage-first heap   total 262144K, used 117166K [0x00000000e0000000, 0x0000000100000000)
  region size 1024K, 104 young (106496K), 1 survivors (1024K)
 Metaspace       used 20851K, committed 21504K, reserved 393216K
  class space    used 3033K, committed 3328K, reserved 327680K
}
Event: 19.778 GC heap after
{Heap after GC invocations=3 (full 0):
 garbage-first heap   total 262144K, used 23319K [0x00000000e0000000, 0x0000000100000000)
  region size 1024K, 13 young (13312K), 13 survivors (13312K)
 Metaspace       used 20851K, committed 21504K, reserved 393216K
  class space    used 3033K, committed 3328K, reserved 327680K
}
Event: 31.158 GC heap before
{Heap before GC invocations=4 (full 0):
 garbage-first heap   total 262144K, used 127767K [0x00000000e0000000, 0x0000000100000000)
  region size 1024K, 117 young (119808K), 13 survivors (13312K)
 Metaspace       used 34928K, committed 36096K, reserved 393216K
  class space    used 5007K, committed 5568K, reserved 327680K
}
Event: 31.178 GC heap after
{Heap after GC invocations=5 (full 0):
 garbage-first heap   total 262144K, used 31059K [0x00000000e0000000, 0x0000000100000000)
  region size 1024K, 8 young (8192K), 8 survivors (8192K)
 Metaspace       used 34928K, committed 36096K, reserved 393216K
  class space    used 5007K, committed 5568K, reserved 327680K
}
Event: 31.415 GC heap before
{Heap before GC invocations=5 (full 0):
 garbage-first heap   total 262144K, used 35155K [0x00000000e0000000, 0x0000000100000000)
  region size 1024K, 13 young (13312K), 8 survivors (8192K)
 Metaspace       used 35242K, committed 36416K, reserved 393216K
  class space    used 5042K, committed 5632K, reserved 327680K
}
Event: 31.422 GC heap after
{Heap after GC invocations=6 (full 0):
 garbage-first heap   total 262144K, used 31355K [0x00000000e0000000, 0x0000000100000000)
  region size 1024K, 8 young (8192K), 8 survivors (8192K)
 Metaspace       used 35242K, committed 36416K, reserved 393216K
  class space    used 5042K, committed 5632K, reserved 327680K
}
Event: 31.462 GC heap before
{Heap before GC invocations=6 (full 0):
 garbage-first heap   total 262144K, used 36475K [0x00000000e0000000, 0x0000000100000000)
  region size 1024K, 10 young (10240K), 8 survivors (8192K)
 Metaspace       used 35565K, committed 36736K, reserved 393216K
  class space    used 5043K, committed 5632K, reserved 327680K
}
Event: 31.472 GC heap after
{Heap after GC invocations=7 (full 0):
 garbage-first heap   total 262144K, used 34132K [0x00000000e0000000, 0x0000000100000000)
  region size 1024K, 9 young (9216K), 9 survivors (9216K)
 Metaspace       used 35565K, committed 36736K, reserved 393216K
  class space    used 5043K, committed 5632K, reserved 327680K
}

