# JRE version: OpenJDK Runtime Environment (21.0.1+12) (build 21.0.1+12-29)
# Java VM: OpenJDK 64-Bit Server VM (21.0.1+12-29, mixed mode, sharing, tiered, compressed oops, compressed class ptrs, g1 gc, windows-amd64)
GC Precious Log:
 CardTable entry size: 512
 Card Set container configuration: InlinePtr #cards 5 size 8 Array Of Cards #cards 12 size 40 Howl #buckets 4 coarsen threshold 1843 Howl Bitmap #cards 512 size 80 coarsen threshold 460 Card regions per heap region 1 cards per card region 2048
 CPUs: 12 total, 12 available
 Memory: 7549M
 Large Page Support: Disabled
 NUMA Support: Disabled
 Compressed Oops: Enabled (32-bit)
 Heap Region Size: 1M
 Heap Min Capacity: 256M
 Heap Initial Capacity: 256M
 Heap Max Capacity: 512M
 Pre-touch: Disabled
 Parallel Workers: 10
 Concurrent Workers: 3
 Concurrent Refinement Workers: 10
 Periodic GC: Disabled
Heap:
 garbage-first heap   total 262144K, used 177777K [0x00000000e0000000, 0x0000000100000000)
  region size 1024K, 149 young (152576K), 9 survivors (9216K)
 Metaspace       used 51461K, committed 53248K, reserved 393216K
  class space    used 7437K, committed 8320K, reserved 327680K
GC Heap History (12 events):
Event: 1.726 GC heap before
{Heap before GC invocations=0 (full 0):
 garbage-first heap   total 262144K, used 26624K [0x00000000e0000000, 0x0000000100000000)
  region size 1024K, 23 young (23552K), 0 survivors (0K)
 Metaspace       used 3220K, committed 3392K, reserved 393216K
  class space    used 411K, committed 448K, reserved 327680K
}
Event: 1.740 GC heap after
{Heap after GC invocations=1 (full 0):
 garbage-first heap   total 262144K, used 10377K [0x00000000e0000000, 0x0000000100000000)
  region size 1024K, 3 young (3072K), 3 survivors (3072K)
 Metaspace       used 3220K, committed 3392K, reserved 393216K
  class space    used 411K, committed 448K, reserved 327680K
}
Event: 3.723 GC heap before
{Heap before GC invocations=1 (full 0):
 garbage-first heap   total 262144K, used 39049K [0x00000000e0000000, 0x0000000100000000)
  region size 1024K, 32 young (32768K), 3 survivors (3072K)
 Metaspace       used 4124K, committed 4352K, reserved 393216K
  class space    used 503K, committed 640K, reserved 327680K
}
Event: 3.728 GC heap after
{Heap after GC invocations=2 (full 0):
 garbage-first heap   total 262144K, used 11693K [0x00000000e0000000, 0x0000000100000000)
  region size 1024K, 1 young (1024K), 1 survivors (1024K)
 Metaspace       used 4124K, committed 4352K, reserved 393216K
  class space    used 503K, committed 640K, reserved 327680K
}
Event: 11.612 GC heap before
{Heap before GC invocations=2 (full 0):
 garbage-first heap   total 262144K, used 117165K [0x00000000e0000000, 0x0000000100000000)
  region size 1024K, 105 young (107520K), 1 survivors (1024K)
 Metaspace       used 20899K, committed 21504K, reserved 393216K
  class space    used 3042K, committed 3328K, reserved 327680K
}
Event: 11.722 GC heap after
{Heap after GC invocations=3 (full 0):
 garbage-first heap   total 262144K, used 23372K [0x00000000e0000000, 0x0000000100000000)
  region size 1024K, 13 young (13312K), 13 survivors (13312K)
 Metaspace       used 20899K, committed 21504K, reserved 393216K
  class space    used 3042K, committed 3328K, reserved 327680K
}
Event: 19.270 GC heap before
{Heap before GC invocations=4 (full 0):
 garbage-first heap   total 262144K, used 126796K [0x00000000e0000000, 0x0000000100000000)
  region size 1024K, 116 young (118784K), 13 survivors (13312K)
 Metaspace       used 34792K, committed 35968K, reserved 393216K
  class space    used 4995K, committed 5568K, reserved 327680K
}
Event: 19.293 GC heap after
{Heap after GC invocations=5 (full 0):
 garbage-first heap   total 262144K, used 31646K [0x00000000e0000000, 0x0000000100000000)
  region size 1024K, 8 young (8192K), 8 survivors (8192K)
 Metaspace       used 34792K, committed 35968K, reserved 393216K
  class space    used 4995K, committed 5568K, reserved 327680K
}
Event: 19.470 GC heap before
{Heap before GC invocations=5 (full 0):
 garbage-first heap   total 262144K, used 35742K [0x00000000e0000000, 0x0000000100000000)
  region size 1024K, 13 young (13312K), 8 survivors (8192K)
 Metaspace       used 35119K, committed 36288K, reserved 393216K
  class space    used 5034K, committed 5632K, reserved 327680K
}
Event: 19.476 GC heap after
{Heap after GC invocations=6 (full 0):
 garbage-first heap   total 262144K, used 32072K [0x00000000e0000000, 0x0000000100000000)
  region size 1024K, 8 young (8192K), 8 survivors (8192K)
 Metaspace       used 35119K, committed 36288K, reserved 393216K
  class space    used 5034K, committed 5632K, reserved 327680K
}
Event: 19.529 GC heap before
{Heap before GC invocations=6 (full 0):
 garbage-first heap   total 262144K, used 38216K [0x00000000e0000000, 0x0000000100000000)
  region size 1024K, 11 young (11264K), 8 survivors (8192K)
 Metaspace       used 35445K, committed 36608K, reserved 393216K
  class space    used 5042K, committed 5632K, reserved 327680K
}
Event: 19.539 GC heap after
{Heap after GC invocations=7 (full 0):
 garbage-first heap   total 262144K, used 34417K [0x00000000e0000000, 0x0000000100000000)
  region size 1024K, 9 young (9216K), 9 survivors (9216K)
 Metaspace       used 35445K, committed 36608K, reserved 393216K
  class space    used 5042K, committed 5632K, reserved 327680K
}

